\BOOKMARK [0][-]{chapter*.1}{\376\377\000T\000a\000r\000t\000a\000l\000o\000m\000j\000e\000g\000y\000z\000\351\000k}{}% 1
\BOOKMARK [0][-]{chapter.1}{\376\377\0001\000.\000\040\000A\000z\000\040\000a\000l\000k\000a\000l\000m\000a\000z\000\341\000s\000\040\000t\000e\000r\000v\000e\000z\000\351\000s\000e}{}% 2
\BOOKMARK [1][-]{section.1.1}{\376\377\0001\000.\0001\000.\000\040\000A\000n\000d\000r\000o\000i\000d\000\040\000S\000t\000u\000d\000i\000o}{chapter.1}% 3
\BOOKMARK [1][-]{section.1.2}{\376\377\0001\000.\0002\000.\000\040\000F\000i\000r\000e\000b\000a\000s\000e}{chapter.1}% 4
\BOOKMARK [2][-]{subsection.1.2.1}{\376\377\0001\000.\0002\000.\0001\000.\000\040\000F\000i\000r\000e\000b\000a\000s\000e\000\040\000R\000e\000a\000l\000t\000i\000m\000e\000\040\000D\000a\000t\000a\000b\000a\000s\000e}{section.1.2}% 5
\BOOKMARK [2][-]{subsection.1.2.2}{\376\377\0001\000.\0002\000.\0002\000.\000\040\000F\000i\000r\000e\000b\000a\000s\000e\000\040\000A\000u\000t\000h\000e\000n\000t\000i\000c\000a\000t\000i\000o\000n}{section.1.2}% 6
\BOOKMARK [1][-]{section.1.3}{\376\377\0001\000.\0003\000.\000\040\000G\000i\000t\000H\000u\000b}{chapter.1}% 7
\BOOKMARK [2][-]{subsection.1.3.1}{\376\377\0001\000.\0003\000.\0001\000.\000\040\000G\000i\000t\000K\000r\000a\000k\000e\000n}{section.1.3}% 8
\BOOKMARK [1][-]{section.1.4}{\376\377\0001\000.\0004\000.\000\040\000A\000n\000d\000r\000o\000i\000d\000\040\000E\000m\000u\000l\000\341\000t\000o\000r}{chapter.1}% 9
\BOOKMARK [1][-]{section.1.5}{\376\377\0001\000.\0005\000.\000\040\000J\000a\000v\000a}{chapter.1}% 10
\BOOKMARK [1][-]{section.1.6}{\376\377\0001\000.\0006\000.\000\040\000A\000d\000a\000t\000b\000\341\000z\000i\000s\000\040\000t\000\341\000b\000l\000a}{chapter.1}% 11
\BOOKMARK [1][-]{section.1.7}{\376\377\0001\000.\0007\000.\000\040\000F\000o\000l\000y\000a\000m\000a\000t\000\341\000b\000r\000a}{chapter.1}% 12
\BOOKMARK [0][-]{chapter.2}{\376\377\0002\000.\000\040\000I\000n\000f\000o\000r\000m\000a\000t\000i\000k\000a\000o\000k\000t\000a\000t\000\341\000s\000\040\000M\000a\000g\000y\000a\000r\000o\000r\000s\000z\000\341\000g\000o\000n}{}% 13
\BOOKMARK [1][-]{section.2.1}{\376\377\0002\000.\0001\000.\000\040\000G\000y\000a\000k\000o\000r\000n\000o\000k\000i\000\040\000p\000r\000o\000g\000r\000a\000m\000o\000k\000\040\000s\000z\000e\000r\000e\000p\000e}{chapter.2}% 14
\BOOKMARK [1][-]{section.2.2}{\376\377\0002\000.\0002\000.\000\040\000G\000y\000a\000k\000o\000r\000l\000a\000t\000o\000r\000i\000e\000n\000t\000\341\000l\000t\000\040\000o\000k\000t\000a\000t\000\341\000s}{chapter.2}% 15
\BOOKMARK [1][-]{section.2.3}{\376\377\0002\000.\0003\000.\000\040\000N\001\121\000k\000\040\000s\000z\000e\000r\000e\000p\000e\000\040\000a\000z\000\040\000i\000n\000f\000o\000r\000m\000a\000t\000i\000k\000\341\000b\000a\000n}{chapter.2}% 16
\BOOKMARK [1][-]{section.2.4}{\376\377\0002\000.\0004\000.\000\040\000E\000l\001\121\000n\000y\000t\000\040\000j\000e\000l\000e\000n\000t\000e\000n\000e\000\040\000a\000\040\000n\000y\000e\000l\000v\000t\000u\000d\000\341\000s\000?}{chapter.2}% 17
\BOOKMARK [1][-]{section.2.5}{\376\377\0002\000.\0005\000.\000\040\000N\000y\000i\000t\000o\000t\000t\000s\000\341\000g\000\040\000a\000z\000\040\000\372\000j\000\040\000d\000o\000l\000g\000o\000k\000\040\000f\000e\000l\000\351}{chapter.2}% 18
\BOOKMARK [1][-]{section.2.6}{\376\377\0002\000.\0006\000.\000\040\000L\000e\000h\000e\000t\001\121\000s\000\351\000g\000e\000k}{chapter.2}% 19
\BOOKMARK [0][-]{chapter.3}{\376\377\0003\000.\000\040\000A\000\040\000p\000r\000o\000g\000r\000a\000m\000o\000z\000\363\000i\000s\000k\000o\000l\000\341\000k\000\040\000h\000e\000l\000y\000z\000e\000t\000e\000\040\000M\000a\000g\000y\000a\000r\000o\000r\000s\000z\000\341\000g\000o\000n\000\040\000n\000a\000p\000j\000a\000i\000n\000k\000b\000a\000n}{}% 20
\BOOKMARK [1][-]{section.3.1}{\376\377\0003\000.\0001\000.\000\040\000M\000i\000\040\000i\000s\000\040\000p\000o\000n\000t\000o\000s\000a\000n\000\040\000a\000\040\000b\000o\000o\000t\000c\000a\000m\000p\000?}{chapter.3}% 21
\BOOKMARK [1][-]{section.3.2}{\376\377\0003\000.\0002\000.\000\040\000K\000r\000\355\000z\000i\000s\000h\000e\000l\000y\000z\000e\000t}{chapter.3}% 22
\BOOKMARK [1][-]{section.3.3}{\376\377\0003\000.\0003\000.\000\040\000J\000u\000n\000i\000o\000r\000o\000k\000\040\000h\000e\000l\000y\000z\000e\000t\000e}{chapter.3}% 23
\BOOKMARK [0][-]{chapter.4}{\376\377\0004\000.\000\040\000A\000z\000\040\000a\000l\000k\000a\000l\000m\000a\000z\000\341\000s\000\040\000f\000r\000o\000n\000t\000e\000n\000d\000\040\000f\000e\000j\000l\000e\000s\000z\000t\000\351\000s\000e}{}% 24
\BOOKMARK [1][-]{section.4.1}{\376\377\0004\000.\0001\000.\000\040\000D\000r\000a\000w\000a\000b\000l\000e}{chapter.4}% 25
\BOOKMARK [1][-]{section.4.2}{\376\377\0004\000.\0002\000.\000\040\000F\000o\000n\000t\000s}{chapter.4}% 26
\BOOKMARK [1][-]{section.4.3}{\376\377\0004\000.\0003\000.\000\040\000L\000a\000y\000o\000u\000t}{chapter.4}% 27
\BOOKMARK [2][-]{subsection.4.3.1}{\376\377\0004\000.\0003\000.\0001\000.\000\040\000B\000e\000j\000e\000l\000e\000n\000t\000k\000e\000z\000\351\000s}{section.4.3}% 28
\BOOKMARK [2][-]{subsection.4.3.2}{\376\377\0004\000.\0003\000.\0002\000.\000\040\000R\000e\000g\000i\000s\000z\000t\000r\000\341\000c\000i\000\363}{section.4.3}% 29
\BOOKMARK [2][-]{subsection.4.3.3}{\376\377\0004\000.\0003\000.\0003\000.\000\040\000F\001\121\000o\000l\000d\000a\000l}{section.4.3}% 30
\BOOKMARK [2][-]{subsection.4.3.4}{\376\377\0004\000.\0003\000.\0004\000.\000\040\000P\000r\000o\000f\000i\000l}{section.4.3}% 31
\BOOKMARK [2][-]{subsection.4.3.5}{\376\377\0004\000.\0003\000.\0005\000.\000\040\000P\000r\000o\000f\000i\000l\000a\000d\000a\000t\000o\000k\000\040\000m\000\363\000d\000o\000s\000\355\000t\000\341\000s\000a}{section.4.3}% 32
\BOOKMARK [2][-]{subsection.4.3.6}{\376\377\0004\000.\0003\000.\0006\000.\000\040\000T\000a\000n\000u\000l\000n\000i\000v\000a\000l\000\363\000k\000\040\000m\000e\000n\000\374\000p\000o\000n\000t}{section.4.3}% 33
\BOOKMARK [2][-]{subsection.4.3.7}{\376\377\0004\000.\0003\000.\0007\000.\000\040\000T\000a\000n\000a\000n\000y\000a\000g\000o\000k}{section.4.3}% 34
\BOOKMARK [2][-]{subsection.4.3.8}{\376\377\0004\000.\0003\000.\0008\000.\000\040\000K\000v\000\355\000z\000e\000k}{section.4.3}% 35
\BOOKMARK [2][-]{subsection.4.3.9}{\376\377\0004\000.\0003\000.\0009\000.\000\040\000K\000v\000\355\000z\000e\000k\000\040\000e\000r\000e\000d\000m\000\351\000n\000y\000e\000i}{section.4.3}% 36
\BOOKMARK [0][-]{chapter.5}{\376\377\0005\000.\000\040\000A\000z\000\040\000a\000l\000k\000a\000l\000m\000a\000z\000\341\000s\000\040\000b\000a\000c\000k\000e\000n\000d\000\040\000f\000e\000j\000l\000e\000s\000z\000t\000\351\000s\000e}{}% 37
\BOOKMARK [1][-]{section.5.1}{\376\377\0005\000.\0001\000.\000\040\000R\000e\000g\000i\000s\000z\000t\000r\000\341\000c\000i\000\363}{chapter.5}% 38
\BOOKMARK [1][-]{section.5.2}{\376\377\0005\000.\0002\000.\000\040\000B\000e\000j\000e\000l\000e\000n\000t\000k\000e\000z\000\351\000s}{chapter.5}% 39
\BOOKMARK [2][-]{subsection.5.2.1}{\376\377\0005\000.\0002\000.\0001\000.\000\040\000F\000e\000l\000h\000a\000s\000z\000n\000\341\000l\000\363\000n\000\351\000v\000\040\000\351\000s\000\040\000j\000e\000l\000s\000z\000\363\000\040\000e\000l\000l\000e\000n\001\121\000r\000z\000\351\000s}{section.5.2}% 40
\BOOKMARK [2][-]{subsection.5.2.2}{\376\377\0005\000.\0002\000.\0002\000.\000\040\000R\000e\000g\000i\000s\000z\000t\000r\000\341\000l\000t\000\040\000f\000e\000l\000h\000a\000s\000z\000n\000\341\000l\000\363\000\040\000e\000l\000l\000e\000n\001\121\000r\000z\000\351\000s\000e}{section.5.2}% 41
\BOOKMARK [1][-]{section.5.3}{\376\377\0005\000.\0003\000.\000\040\000P\000r\000o\000f\000i\000l}{chapter.5}% 42
\BOOKMARK [1][-]{section.5.4}{\376\377\0005\000.\0004\000.\000\040\000P\000r\000o\000f\000i\000l\000\040\000m\000\363\000d\000o\000s\000\355\000t\000\341\000s\000a}{chapter.5}% 43
\BOOKMARK [1][-]{section.5.5}{\376\377\0005\000.\0005\000.\000\040\000F\001\121\000o\000l\000d\000a\000l}{chapter.5}% 44
\BOOKMARK [1][-]{section.5.6}{\376\377\0005\000.\0006\000.\000\040\000K\000v\000\355\000z\000e\000k}{chapter.5}% 45
\BOOKMARK [2][-]{subsection.5.6.1}{\376\377\0005\000.\0006\000.\0001\000.\000\040\000K\000u\000r\000z\000u\000s\000l\000i\000s\000t\000\341\000k}{section.5.6}% 46
\BOOKMARK [2][-]{subsection.5.6.2}{\376\377\0005\000.\0006\000.\0002\000.\000\040\000K\000u\000r\000z\000u\000s\000o\000k\000\040\000o\000l\000d\000a\000l\000a\000i}{section.5.6}% 47
\BOOKMARK [2][-]{subsection.5.6.3}{\376\377\0005\000.\0006\000.\0003\000.\000\040\000K\000v\000\355\000z\000e\000k\000\040\000f\000e\000l\000\351\000p\000\355\000t\000\351\000s\000e}{section.5.6}% 48
\BOOKMARK [0][-]{chapter.6}{\376\377\0006\000.\000\040\000T\000e\000s\000z\000t\000e\000l\000\351\000s}{}% 49
\BOOKMARK [1][-]{section.6.1}{\376\377\0006\000.\0001\000.\000\040\000T\000e\000s\000t\000\040\000L\000a\000b}{chapter.6}% 50
\BOOKMARK [1][-]{section.6.2}{\376\377\0006\000.\0002\000.\000\040\000R\000o\000b\000o\000\040\000t\000e\000s\000z\000t\000e\000k}{chapter.6}% 51
\BOOKMARK [1][-]{section.6.3}{\376\377\0006\000.\0003\000.\000\040\000M\000a\000n\000u\000\341\000l\000i\000s\000\040\000t\000e\000s\000z\000t\000e\000k}{chapter.6}% 52
\BOOKMARK [0][-]{chapter*.21}{\376\377\000I\000r\000o\000d\000a\000l\000o\000m\000j\000e\000g\000y\000z\000\351\000k}{}% 53
